<?xml version="1.0" encoding="UTF-8"?>
<testng-results skipped="0" failed="0" ignored="0" total="1" passed="1">
  <reporter-output>
    <line>
      <![CDATA[From signInToApp]]>
    </line>
  </reporter-output>
  <suite name="Default suite" duration-ms="39119" started-at="2020-06-12T13:35:49 IST" finished-at="2020-06-12T13:36:29 IST">
    <groups>
    </groups>
    <test name="Default test" duration-ms="39119" started-at="2020-06-12T13:35:49 IST" finished-at="2020-06-12T13:36:29 IST">
      <class name="scripts.TC002">
        <test-method status="PASS" signature="launchApp(java.lang.String, java.lang.String, java.lang.String)[pri:0, instance:scripts.TC002@396f6598]" name="launchApp" is-config="true" duration-ms="13730" started-at="2020-06-12T13:35:50 IST" finished-at="2020-06-12T13:36:03 IST">
          <params>
            <param index="0">
              <value>
                <![CDATA[chrome]]>
              </value>
            </param>
            <param index="1">
              <value>
                <![CDATA[http://automationpractice.com/index.php]]>
              </value>
            </param>
            <param index="2">
              <value>
                <![CDATA[10]]>
              </value>
            </param>
          </params>
          <reporter-output>
          </reporter-output>
        </test-method> <!-- launchApp -->
        <test-method status="PASS" signature="signInToApp(java.lang.String, java.lang.String)[pri:0, instance:scripts.TC002@396f6598]" name="signInToApp" is-config="true" duration-ms="5544" started-at="2020-06-12T13:36:03 IST" finished-at="2020-06-12T13:36:09 IST">
          <params>
            <param index="0">
              <value>
                <![CDATA[nameishemanth@rediffmail.com]]>
              </value>
            </param>
            <param index="1">
              <value>
                <![CDATA[Testing@123]]>
              </value>
            </param>
          </params>
          <reporter-output>
            <line>
              <![CDATA[From signInToApp]]>
            </line>
          </reporter-output>
        </test-method> <!-- signInToApp -->
        <test-method status="PASS" signature="loginPageElementsCheck()[pri:0, instance:scripts.TC002@396f6598]" name="loginPageElementsCheck" duration-ms="16131" started-at="2020-06-12T13:36:09 IST" finished-at="2020-06-12T13:36:25 IST">
          <reporter-output>
          </reporter-output>
        </test-method> <!-- loginPageElementsCheck -->
        <test-method status="PASS" signature="signOutFromApp(org.testng.ITestResult)[pri:0, instance:scripts.TC002@396f6598]" name="signOutFromApp" is-config="true" duration-ms="2344" started-at="2020-06-12T13:36:25 IST" finished-at="2020-06-12T13:36:27 IST">
          <params>
            <param index="0">
              <value>
                <![CDATA[[TestResult name=loginPageElementsCheck status=SUCCESS method=TC002.loginPageElementsCheck()[pri:0, instance:scripts.TC002@396f6598] output={null}]]]>
              </value>
            </param>
          </params>
          <reporter-output>
          </reporter-output>
        </test-method> <!-- signOutFromApp -->
        <test-method status="PASS" signature="closeApp()[pri:0, instance:scripts.TC002@396f6598]" name="closeApp" is-config="true" duration-ms="1310" started-at="2020-06-12T13:36:27 IST" finished-at="2020-06-12T13:36:29 IST">
          <reporter-output>
          </reporter-output>
        </test-method> <!-- closeApp -->
      </class> <!-- scripts.TC002 -->
    </test> <!-- Default test -->
  </suite> <!-- Default suite -->
</testng-results>
